SF:lib/core/errors/exceptions.dart
DA:7,0
DA:9,0
DA:10,0
DA:17,3
DA:19,1
DA:20,3
LF:6
LH:3
end_of_record
SF:lib/src/authentication/usecases/create_user.dart
DA:9,1
DA:11,1
DA:12,2
DA:13,1
DA:14,1
DA:15,1
DA:24,2
DA:30,1
DA:31,1
DA:32,1
DA:33,1
DA:34,1
LF:12
LH:12
end_of_record
SF:lib/core/errors/failure.dart
DA:8,1
DA:13,0
DA:15,1
DA:16,3
DA:20,1
DA:27,1
DA:32,1
DA:33,3
LF:8
LH:7
end_of_record
SF:lib/src/authentication/domain/entities/user.dart
DA:9,4
DA:15,1
DA:16,4
LF:3
LH:3
end_of_record
SF:lib/src/authentication/usecases/get_users.dart
DA:9,1
DA:11,1
DA:12,2
LF:3
LH:3
end_of_record
SF:lib/src/authentication/data/models/user_model.dart
DA:7,3
DA:14,1
DA:15,2
DA:17,1
DA:23,1
DA:24,1
DA:25,1
DA:26,1
DA:27,1
DA:30,2
DA:31,2
DA:32,2
DA:33,2
DA:34,2
DA:35,4
DA:38,2
DA:39,1
DA:40,1
DA:41,1
DA:42,2
DA:45,3
LF:21
LH:21
end_of_record
SF:lib/src/authentication/data/datasource/authentication_remote_datasource.dart
DA:22,1
DA:24,1
DA:30,1
DA:33,2
DA:35,2
DA:42,4
DA:43,1
DA:44,1
DA:45,1
DA:48,1
DA:50,1
DA:51,2
DA:55,1
DA:57,1
DA:60,2
DA:61,2
DA:62,3
DA:63,3
DA:64,1
DA:66,3
DA:67,1
DA:69,1
DA:70,2
LF:23
LH:23
end_of_record
SF:lib/src/authentication/data/repositories/authentication_repository_implementation.dart
DA:13,1
DA:15,1
DA:22,2
DA:29,1
DA:30,2
DA:31,1
DA:32,3
DA:36,1
DA:39,1
DA:40,2
DA:42,1
DA:43,2
DA:44,1
DA:45,3
LF:14
LH:14
end_of_record
